<?xml version="1.0" encoding="UTF-8"?>
<!-- Generated by org.testng.reporters.JUnitReportReporter -->
<testsuite hostname="Home" name="Testingpack1.solotest2" tests="3" failures="0" timestamp="10 Oct 2019 09:12:07 GMT" time="8.157" errors="0">
  <testcase name="scrollup" time="4.027" classname="Testingpack1.solotest2"/>
  <testcase name="check" time="0.050" classname="Testingpack1.solotest2"/>
  <testcase name="scrolldown" time="4.080" classname="Testingpack1.solotest2"/>
</testsuite> <!-- Testingpack1.solotest2 -->
